[3872:3156:0416/090356.125:INFO:chrome_browser_cloud_management_controller.cc(202)] No machine level policy manager exists.
[3872:21184:0416/090356.359:WARNING:leveldb_database.cc(137)] Unable to open C:\Users\DESKTOP\Desktop\COISAS ALEATÓRIAS\Programas PY\Captador de Sorrisos\whatsapp_profile\Default\shared_proto_db\metadata: IO error: C:\Users\DESKTOP\Desktop\COISAS ALEATÓRIAS\Programas PY\Captador de Sorrisos\whatsapp_profile\Default\shared_proto_db\metadata/MANIFEST-000001: Unable to create sequential file (ChromeMethodBFE: 7::NewSequentialFile::1)
[3872:10012:0416/090356.360:WARNING:value_store_frontend.cc(47)] Reading ahfgeienlihckogmohjhadlkjgocpleb.alarms from  failed: IO error: .../MANIFEST-000001: Unable to create sequential file (ChromeMethodBFE: 7::NewSequentialFile::1)
[3872:21184:0416/090356.362:WARNING:leveldb_database.cc(137)] Unable to open C:\Users\DESKTOP\Desktop\COISAS ALEATÓRIAS\Programas PY\Captador de Sorrisos\whatsapp_profile\Default\shared_proto_db\metadata: IO error: C:\Users\DESKTOP\Desktop\COISAS ALEATÓRIAS\Programas PY\Captador de Sorrisos\whatsapp_profile\Default\shared_proto_db\metadata/MANIFEST-000001: Unable to create sequential file (ChromeMethodBFE: 7::NewSequentialFile::1)
[3872:10012:0416/090356.363:WARNING:value_store_frontend.cc(47)] Reading mhjfbmdgcfjbbpaeojofohoefgiehjai.alarms from  failed: IO error: .../MANIFEST-000001: Unable to create sequential file (ChromeMethodBFE: 7::NewSequentialFile::1)
[3872:21184:0416/090356.365:WARNING:leveldb_database.cc(137)] Unable to open C:\Users\DESKTOP\Desktop\COISAS ALEATÓRIAS\Programas PY\Captador de Sorrisos\whatsapp_profile\Default\shared_proto_db\metadata: IO error: C:\Users\DESKTOP\Desktop\COISAS ALEATÓRIAS\Programas PY\Captador de Sorrisos\whatsapp_profile\Default\shared_proto_db\metadata/MANIFEST-000001: Unable to create sequential file (ChromeMethodBFE: 7::NewSequentialFile::1)
[3872:21184:0416/090356.372:WARNING:leveldb_database.cc(137)] Unable to open C:\Users\DESKTOP\Desktop\COISAS ALEATÓRIAS\Programas PY\Captador de Sorrisos\whatsapp_profile\Default\shared_proto_db\metadata: IO error: C:\Users\DESKTOP\Desktop\COISAS ALEATÓRIAS\Programas PY\Captador de Sorrisos\whatsapp_profile\Default\shared_proto_db\metadata/MANIFEST-000001: Unable to create sequential file (ChromeMethodBFE: 7::NewSequentialFile::1)
[3872:3156:0416/090357.139:INFO:CONSOLE(144)] "Uncaught TypeError: $(...).tabs is not a function", source: https://sistema.webdentalsolucoes.io/js/sistemafuncoes.js (144)
[3872:3156:0416/090357.139:INFO:CONSOLE(0)] "Mixed Content: The page at 'https://sistema.webdentalsolucoes.io/index.php?lar=1536&alt=703' was loaded over HTTPS, but requested an insecure element 'http://sistema.webdentalsolucoes.com.br/imagens/loadingAnimation.gif'. This request was automatically upgraded to HTTPS, For more information see https://blog.chromium.org/2019/10/no-more-mixed-messages-about-https.html", source: https://sistema.webdentalsolucoes.io/index.php?lar=1536&alt=703 (0)
[3872:3156:0416/090357.142:INFO:CONSOLE(0)] "[DOM] Input elements should have autocomplete attributes (suggested: "current-password"): (More info: https://goo.gl/9p2vKq) %o", source: https://sistema.webdentalsolucoes.io/index.php?lar=1536&alt=703 (0)
[19976:25504:0416/090357.430:ERROR:ssl_client_socket_impl.cc(877)] handshake failed; returned -1, SSL error code 1, net_error -200
[3872:3156:0416/090357.432:INFO:CONSOLE(102)] "Uncaught TypeError: Cannot read properties of null (reading 'style')", source: https://sistema.webdentalsolucoes.io/index.php?lar=1536&alt=703 (102)
[3872:3156:0416/090357.613:INFO:CONSOLE(120)] "Uncaught TypeError: Cannot read properties of null (reading 'value')", source: https://sistema.webdentalsolucoes.io/index.php?lar=1536&alt=703 (120)
[3872:3156:0416/090357.618:INFO:CONSOLE(120)] "Uncaught TypeError: Cannot read properties of null (reading 'value')", source: https://sistema.webdentalsolucoes.io/index.php?lar=1536&alt=703 (120)
[3872:3156:0416/090359.254:INFO:CONSOLE(144)] "Uncaught TypeError: $(...).tabs is not a function", source: https://sistema.webdentalsolucoes.io/js/sistemafuncoes.js (144)
[3872:3156:0416/090359.254:INFO:CONSOLE(0)] "Mixed Content: The page at 'https://sistema.webdentalsolucoes.io/index.php?' was loaded over HTTPS, but requested an insecure element 'http://sistema.webdentalsolucoes.com.br/imagens/loadingAnimation.gif'. This request was automatically upgraded to HTTPS, For more information see https://blog.chromium.org/2019/10/no-more-mixed-messages-about-https.html", source: https://sistema.webdentalsolucoes.io/index.php? (0)
[19976:25504:0416/090359.520:ERROR:ssl_client_socket_impl.cc(877)] handshake failed; returned -1, SSL error code 1, net_error -200
[3872:3156:0416/090359.521:INFO:CONSOLE(102)] "Uncaught TypeError: Cannot read properties of null (reading 'style')", source: https://sistema.webdentalsolucoes.io/index.php? (102)
[3872:3156:0416/090359.884:INFO:CONSOLE(144)] "Uncaught TypeError: $(...).tabs is not a function", source: https://sistema.webdentalsolucoes.io/js/sistemafuncoes.js (144)
[3872:3156:0416/090359.884:INFO:CONSOLE(0)] "Mixed Content: The page at 'https://sistema.webdentalsolucoes.io/index.php?from=login' was loaded over HTTPS, but requested an insecure element 'http://sistema.webdentalsolucoes.com.br/imagens/loadingAnimation.gif'. This request was automatically upgraded to HTTPS, For more information see https://blog.chromium.org/2019/10/no-more-mixed-messages-about-https.html", source: https://sistema.webdentalsolucoes.io/index.php?from=login (0)
[3872:3156:0416/090359.903:INFO:CONSOLE(967)] "Uncaught TypeError: $.historyInit is not a function", source: https://sistema.webdentalsolucoes.io/index.php?from=login (967)
[3872:3156:0416/090359.904:INFO:CONSOLE(0)] "Mixed Content: The page at 'https://sistema.webdentalsolucoes.io/index.php?from=login' was loaded over HTTPS, but requested an insecure element 'http://sistema.webdentalsolucoes.com.br/imagens/loadingAnimation.gif'. This request was automatically upgraded to HTTPS, For more information see https://blog.chromium.org/2019/10/no-more-mixed-messages-about-https.html", source: https://sistema.webdentalsolucoes.io/index.php?from=login (0)
[19976:25504:0416/090400.150:ERROR:ssl_client_socket_impl.cc(877)] handshake failed; returned -1, SSL error code 1, net_error -200
[3872:3156:0416/090400.152:INFO:CONSOLE(102)] "Uncaught TypeError: Cannot read properties of null (reading 'style')", source: https://sistema.webdentalsolucoes.io/index.php?from=login (102)
[3872:3156:0416/090400.356:INFO:CONSOLE(0)] "Mixed Content: The page at 'https://sistema.webdentalsolucoes.io/index.php?from=login' was loaded over HTTPS, but requested an insecure element 'http://sistema.webdentalsolucoes.com.br/imagens/loadingAnimation.gif'. This request was automatically upgraded to HTTPS, For more information see https://blog.chromium.org/2019/10/no-more-mixed-messages-about-https.html", source: https://sistema.webdentalsolucoes.io/index.php?from=login (0)
[3872:3156:0416/090400.356:INFO:CONSOLE(0)] "Mixed Content: The page at 'https://sistema.webdentalsolucoes.io/index.php?from=login' was loaded over HTTPS, but requested an insecure element 'http://sistema.webdentalsolucoes.com.br/imagens/loadingAnimation.gif'. This request was automatically upgraded to HTTPS, For more information see https://blog.chromium.org/2019/10/no-more-mixed-messages-about-https.html", source: https://sistema.webdentalsolucoes.io/index.php?from=login (0)
[19976:25504:0416/090400.621:ERROR:ssl_client_socket_impl.cc(877)] handshake failed; returned -1, SSL error code 1, net_error -200
[3872:3156:0416/090402.639:INFO:CONSOLE(135)] "Uncaught ReferenceError: $ is not defined", source: https://relatorios.webdentalsolucoes.io/js/sistemafuncoes.js (135)
[3872:3156:0416/090410.739:INFO:CONSOLE(316)] "ready", source: https://relatorios.webdentalsolucoes.io/relatorios/relatorios_base.php (316)
[19976:20192:0416/090415.238:WARNING:sqlite_persistent_store_backend_base.cc(176)] Failed to post task from FlushAndNotifyInBackground@net\extras\sqlite\sqlite_persistent_store_backend_base.cc:226 to client_task_runner_.
[19976:20192:0416/090415.238:WARNING:sqlite_persistent_store_backend_base.cc(176)] Failed to post task from FlushAndNotifyInBackground@net\extras\sqlite\sqlite_persistent_store_backend_base.cc:226 to client_task_runner_.
